FATAL|Wed, 03 Jul 2013 01:04:55 +1200|core|contentservice|/|203.86.201.118|draft|Invalid argument supplied for foreach() on line 244.
exception 'ErrorException' with message 'Invalid argument supplied for foreach()' in /var/www/Dropbox/Websites/openleaf-draft/htdocs/_app/core/contentservice.php:244
Stack trace:
#0 /var/www/Dropbox/Websites/openleaf-draft/htdocs/_app/core/contentservice.php(244): Slim\Slim::handleErrors(2, 'Invalid argumen...', '/var/www/Dropbo...', 244, Array)
#1 /var/www/Dropbox/Websites/openleaf-draft/htdocs/_app/core/tags/entries/pi.entries.php(33): ContentService::getContentByFolders('blog')
#2 /var/www/Dropbox/Websites/openleaf-draft/htdocs/_app/core/view.php(210): Plugin_entries->listing()
#3 [internal function]: Statamic_View->callback('entries:listing', Array, '? <div class="b...')
#4 /var/www/Dropbox/Websites/openleaf-draft/htdocs/_app/vendor/Lex/Parser.php(320): call_user_func_array(Array, Array)
#5 /var/www/Dropbox/Websites/openleaf-draft/htdocs/_app/vendor/Lex/Parser.php(82): Lex\Parser->parseCallbackTags('{{ entries:list...', Array, Array)
#6 /var/www/Dropbox/Websites/openleaf-draft/htdocs/_app/core/view.php(80): Lex\Parser->parse('{{ entries:list...', Array, Array, false)
#7 /var/www/Dropbox/Websites/openleaf-draft/htdocs/_app/vendor/Slim/View.php(195): Statamic_View->render(NULL)
#8 /var/www/Dropbox/Websites/openleaf-draft/htdocs/_app/vendor/Slim/View.php(182): Slim\View->fetch(NULL)
#9 /var/www/Dropbox/Websites/openleaf-draft/htdocs/_app/vendor/Slim/Slim.php(672): Slim\View->display(NULL)
#10 /var/www/Dropbox/Websites/openleaf-draft/htdocs/_app/routes.php(256): Slim\Slim->render(NULL, Array, 200)
#11 [internal function]: {closure}()
#12 /var/www/Dropbox/Websites/openleaf-draft/htdocs/_app/vendor/Slim/Router.php(172): call_user_func_array(Object(Closure), Array)
#13 /var/www/Dropbox/Websites/openleaf-draft/htdocs/_app/vendor/Slim/Slim.php(1222): Slim\Router->dispatch(Object(Slim\Route))
#14 /var/www/Dropbox/Websites/openleaf-draft/htdocs/_app/vendor/Slim/Middleware/Flash.php(86): Slim\Slim->call()
#15 /var/www/Dropbox/Websites/openleaf-draft/htdocs/_app/vendor/Slim/Middleware/MethodOverride.php(94): Slim\Middleware\Flash->call()
#16 /var/www/Dropbox/Websites/openleaf-draft/htdocs/_app/vendor/Slim/Middleware/SessionCookie.php(116): Slim\Middleware\MethodOverride->call()
#17 /var/www/Dropbox/Websites/openleaf-draft/htdocs/_app/vendor/Slim/Middleware/PrettyExceptions.php(67): Slim\Middleware\SessionCookie->call()
#18 /var/www/Dropbox/Websites/openleaf-draft/htdocs/_app/vendor/Slim/Slim.php(1174): Slim\Middleware\PrettyExceptions->call()
#19 /var/www/Dropbox/Websites/openleaf-draft/htdocs/index.php(65): Slim\Slim->run()
#20 {main}
FATAL|Wed, 03 Jul 2013 01:05:06 +1200|core|contentservice|/|203.86.201.118|draft|Invalid argument supplied for foreach() on line 244.
exception 'ErrorException' with message 'Invalid argument supplied for foreach()' in /var/www/Dropbox/Websites/openleaf-draft/htdocs/_app/core/contentservice.php:244
Stack trace:
#0 /var/www/Dropbox/Websites/openleaf-draft/htdocs/_app/core/contentservice.php(244): Slim\Slim::handleErrors(2, 'Invalid argumen...', '/var/www/Dropbo...', 244, Array)
#1 /var/www/Dropbox/Websites/openleaf-draft/htdocs/_app/core/tags/entries/pi.entries.php(33): ContentService::getContentByFolders('blog')
#2 /var/www/Dropbox/Websites/openleaf-draft/htdocs/_app/core/view.php(210): Plugin_entries->listing()
#3 [internal function]: Statamic_View->callback('entries:listing', Array, '? <div class="b...')
#4 /var/www/Dropbox/Websites/openleaf-draft/htdocs/_app/vendor/Lex/Parser.php(320): call_user_func_array(Array, Array)
#5 /var/www/Dropbox/Websites/openleaf-draft/htdocs/_app/vendor/Lex/Parser.php(82): Lex\Parser->parseCallbackTags('{{ entries:list...', Array, Array)
#6 /var/www/Dropbox/Websites/openleaf-draft/htdocs/_app/core/view.php(80): Lex\Parser->parse('{{ entries:list...', Array, Array, false)
#7 /var/www/Dropbox/Websites/openleaf-draft/htdocs/_app/vendor/Slim/View.php(195): Statamic_View->render(NULL)
#8 /var/www/Dropbox/Websites/openleaf-draft/htdocs/_app/vendor/Slim/View.php(182): Slim\View->fetch(NULL)
#9 /var/www/Dropbox/Websites/openleaf-draft/htdocs/_app/vendor/Slim/Slim.php(672): Slim\View->display(NULL)
#10 /var/www/Dropbox/Websites/openleaf-draft/htdocs/_app/routes.php(256): Slim\Slim->render(NULL, Array, 200)
#11 [internal function]: {closure}()
#12 /var/www/Dropbox/Websites/openleaf-draft/htdocs/_app/vendor/Slim/Router.php(172): call_user_func_array(Object(Closure), Array)
#13 /var/www/Dropbox/Websites/openleaf-draft/htdocs/_app/vendor/Slim/Slim.php(1222): Slim\Router->dispatch(Object(Slim\Route))
#14 /var/www/Dropbox/Websites/openleaf-draft/htdocs/_app/vendor/Slim/Middleware/Flash.php(86): Slim\Slim->call()
#15 /var/www/Dropbox/Websites/openleaf-draft/htdocs/_app/vendor/Slim/Middleware/MethodOverride.php(94): Slim\Middleware\Flash->call()
#16 /var/www/Dropbox/Websites/openleaf-draft/htdocs/_app/vendor/Slim/Middleware/SessionCookie.php(116): Slim\Middleware\MethodOverride->call()
#17 /var/www/Dropbox/Websites/openleaf-draft/htdocs/_app/vendor/Slim/Middleware/PrettyExceptions.php(67): Slim\Middleware\SessionCookie->call()
#18 /var/www/Dropbox/Websites/openleaf-draft/htdocs/_app/vendor/Slim/Slim.php(1174): Slim\Middleware\PrettyExceptions->call()
#19 /var/www/Dropbox/Websites/openleaf-draft/htdocs/index.php(65): Slim\Slim->run()
#20 {main}
FATAL|Wed, 03 Jul 2013 01:05:29 +1200|core|contentservice|/|203.86.201.118|draft|Invalid argument supplied for foreach() on line 244.
exception 'ErrorException' with message 'Invalid argument supplied for foreach()' in /var/www/Dropbox/Websites/openleaf-draft/htdocs/_app/core/contentservice.php:244
Stack trace:
#0 /var/www/Dropbox/Websites/openleaf-draft/htdocs/_app/core/contentservice.php(244): Slim\Slim::handleErrors(2, 'Invalid argumen...', '/var/www/Dropbo...', 244, Array)
#1 /var/www/Dropbox/Websites/openleaf-draft/htdocs/_app/core/tags/entries/pi.entries.php(33): ContentService::getContentByFolders('blog')
#2 /var/www/Dropbox/Websites/openleaf-draft/htdocs/_app/core/view.php(210): Plugin_entries->listing()
#3 [internal function]: Statamic_View->callback('entries:listing', Array, '? <div class="b...')
#4 /var/www/Dropbox/Websites/openleaf-draft/htdocs/_app/vendor/Lex/Parser.php(320): call_user_func_array(Array, Array)
#5 /var/www/Dropbox/Websites/openleaf-draft/htdocs/_app/vendor/Lex/Parser.php(82): Lex\Parser->parseCallbackTags('{{ entries:list...', Array, Array)
#6 /var/www/Dropbox/Websites/openleaf-draft/htdocs/_app/core/view.php(80): Lex\Parser->parse('{{ entries:list...', Array, Array, false)
#7 /var/www/Dropbox/Websites/openleaf-draft/htdocs/_app/vendor/Slim/View.php(195): Statamic_View->render(NULL)
#8 /var/www/Dropbox/Websites/openleaf-draft/htdocs/_app/vendor/Slim/View.php(182): Slim\View->fetch(NULL)
#9 /var/www/Dropbox/Websites/openleaf-draft/htdocs/_app/vendor/Slim/Slim.php(672): Slim\View->display(NULL)
#10 /var/www/Dropbox/Websites/openleaf-draft/htdocs/_app/routes.php(256): Slim\Slim->render(NULL, Array, 200)
#11 [internal function]: {closure}()
#12 /var/www/Dropbox/Websites/openleaf-draft/htdocs/_app/vendor/Slim/Router.php(172): call_user_func_array(Object(Closure), Array)
#13 /var/www/Dropbox/Websites/openleaf-draft/htdocs/_app/vendor/Slim/Slim.php(1222): Slim\Router->dispatch(Object(Slim\Route))
#14 /var/www/Dropbox/Websites/openleaf-draft/htdocs/_app/vendor/Slim/Middleware/Flash.php(86): Slim\Slim->call()
#15 /var/www/Dropbox/Websites/openleaf-draft/htdocs/_app/vendor/Slim/Middleware/MethodOverride.php(94): Slim\Middleware\Flash->call()
#16 /var/www/Dropbox/Websites/openleaf-draft/htdocs/_app/vendor/Slim/Middleware/SessionCookie.php(116): Slim\Middleware\MethodOverride->call()
#17 /var/www/Dropbox/Websites/openleaf-draft/htdocs/_app/vendor/Slim/Middleware/PrettyExceptions.php(67): Slim\Middleware\SessionCookie->call()
#18 /var/www/Dropbox/Websites/openleaf-draft/htdocs/_app/vendor/Slim/Slim.php(1174): Slim\Middleware\PrettyExceptions->call()
#19 /var/www/Dropbox/Websites/openleaf-draft/htdocs/index.php(65): Slim\Slim->run()
#20 {main}
FATAL|Wed, 03 Jul 2013 01:06:53 +1200|core|contentservice|/|203.86.201.118|draft|Invalid argument supplied for foreach() on line 244.
exception 'ErrorException' with message 'Invalid argument supplied for foreach()' in /var/www/Dropbox/Websites/openleaf-draft/htdocs/_app/core/contentservice.php:244
Stack trace:
#0 /var/www/Dropbox/Websites/openleaf-draft/htdocs/_app/core/contentservice.php(244): Slim\Slim::handleErrors(2, 'Invalid argumen...', '/var/www/Dropbo...', 244, Array)
#1 /var/www/Dropbox/Websites/openleaf-draft/htdocs/_app/core/tags/entries/pi.entries.php(33): ContentService::getContentByFolders('blog')
#2 /var/www/Dropbox/Websites/openleaf-draft/htdocs/_app/core/view.php(210): Plugin_entries->listing()
#3 [internal function]: Statamic_View->callback('entries:listing', Array, '? <div class="b...')
#4 /var/www/Dropbox/Websites/openleaf-draft/htdocs/_app/vendor/Lex/Parser.php(320): call_user_func_array(Array, Array)
#5 /var/www/Dropbox/Websites/openleaf-draft/htdocs/_app/vendor/Lex/Parser.php(82): Lex\Parser->parseCallbackTags('{{ entries:list...', Array, Array)
#6 /var/www/Dropbox/Websites/openleaf-draft/htdocs/_app/core/view.php(80): Lex\Parser->parse('{{ entries:list...', Array, Array, false)
#7 /var/www/Dropbox/Websites/openleaf-draft/htdocs/_app/vendor/Slim/View.php(195): Statamic_View->render(NULL)
#8 /var/www/Dropbox/Websites/openleaf-draft/htdocs/_app/vendor/Slim/View.php(182): Slim\View->fetch(NULL)
#9 /var/www/Dropbox/Websites/openleaf-draft/htdocs/_app/vendor/Slim/Slim.php(672): Slim\View->display(NULL)
#10 /var/www/Dropbox/Websites/openleaf-draft/htdocs/_app/routes.php(256): Slim\Slim->render(NULL, Array, 200)
#11 [internal function]: {closure}()
#12 /var/www/Dropbox/Websites/openleaf-draft/htdocs/_app/vendor/Slim/Router.php(172): call_user_func_array(Object(Closure), Array)
#13 /var/www/Dropbox/Websites/openleaf-draft/htdocs/_app/vendor/Slim/Slim.php(1222): Slim\Router->dispatch(Object(Slim\Route))
#14 /var/www/Dropbox/Websites/openleaf-draft/htdocs/_app/vendor/Slim/Middleware/Flash.php(86): Slim\Slim->call()
#15 /var/www/Dropbox/Websites/openleaf-draft/htdocs/_app/vendor/Slim/Middleware/MethodOverride.php(94): Slim\Middleware\Flash->call()
#16 /var/www/Dropbox/Websites/openleaf-draft/htdocs/_app/vendor/Slim/Middleware/SessionCookie.php(116): Slim\Middleware\MethodOverride->call()
#17 /var/www/Dropbox/Websites/openleaf-draft/htdocs/_app/vendor/Slim/Middleware/PrettyExceptions.php(67): Slim\Middleware\SessionCookie->call()
#18 /var/www/Dropbox/Websites/openleaf-draft/htdocs/_app/vendor/Slim/Slim.php(1174): Slim\Middleware\PrettyExceptions->call()
#19 /var/www/Dropbox/Websites/openleaf-draft/htdocs/index.php(65): Slim\Slim->run()
#20 {main}
FATAL|Wed, 03 Jul 2013 01:06:56 +1200|core|contentservice|/|203.86.201.118|draft|Invalid argument supplied for foreach() on line 244.
exception 'ErrorException' with message 'Invalid argument supplied for foreach()' in /var/www/Dropbox/Websites/openleaf-draft/htdocs/_app/core/contentservice.php:244
Stack trace:
#0 /var/www/Dropbox/Websites/openleaf-draft/htdocs/_app/core/contentservice.php(244): Slim\Slim::handleErrors(2, 'Invalid argumen...', '/var/www/Dropbo...', 244, Array)
#1 /var/www/Dropbox/Websites/openleaf-draft/htdocs/_app/core/tags/entries/pi.entries.php(33): ContentService::getContentByFolders('blog')
#2 /var/www/Dropbox/Websites/openleaf-draft/htdocs/_app/core/view.php(210): Plugin_entries->listing()
#3 [internal function]: Statamic_View->callback('entries:listing', Array, '? <div class="b...')
#4 /var/www/Dropbox/Websites/openleaf-draft/htdocs/_app/vendor/Lex/Parser.php(320): call_user_func_array(Array, Array)
#5 /var/www/Dropbox/Websites/openleaf-draft/htdocs/_app/vendor/Lex/Parser.php(82): Lex\Parser->parseCallbackTags('{{ entries:list...', Array, Array)
#6 /var/www/Dropbox/Websites/openleaf-draft/htdocs/_app/core/view.php(80): Lex\Parser->parse('{{ entries:list...', Array, Array, false)
#7 /var/www/Dropbox/Websites/openleaf-draft/htdocs/_app/vendor/Slim/View.php(195): Statamic_View->render(NULL)
#8 /var/www/Dropbox/Websites/openleaf-draft/htdocs/_app/vendor/Slim/View.php(182): Slim\View->fetch(NULL)
#9 /var/www/Dropbox/Websites/openleaf-draft/htdocs/_app/vendor/Slim/Slim.php(672): Slim\View->display(NULL)
#10 /var/www/Dropbox/Websites/openleaf-draft/htdocs/_app/routes.php(256): Slim\Slim->render(NULL, Array, 200)
#11 [internal function]: {closure}()
#12 /var/www/Dropbox/Websites/openleaf-draft/htdocs/_app/vendor/Slim/Router.php(172): call_user_func_array(Object(Closure), Array)
#13 /var/www/Dropbox/Websites/openleaf-draft/htdocs/_app/vendor/Slim/Slim.php(1222): Slim\Router->dispatch(Object(Slim\Route))
#14 /var/www/Dropbox/Websites/openleaf-draft/htdocs/_app/vendor/Slim/Middleware/Flash.php(86): Slim\Slim->call()
#15 /var/www/Dropbox/Websites/openleaf-draft/htdocs/_app/vendor/Slim/Middleware/MethodOverride.php(94): Slim\Middleware\Flash->call()
#16 /var/www/Dropbox/Websites/openleaf-draft/htdocs/_app/vendor/Slim/Middleware/SessionCookie.php(116): Slim\Middleware\MethodOverride->call()
#17 /var/www/Dropbox/Websites/openleaf-draft/htdocs/_app/vendor/Slim/Middleware/PrettyExceptions.php(67): Slim\Middleware\SessionCookie->call()
#18 /var/www/Dropbox/Websites/openleaf-draft/htdocs/_app/vendor/Slim/Slim.php(1174): Slim\Middleware\PrettyExceptions->call()
#19 /var/www/Dropbox/Websites/openleaf-draft/htdocs/index.php(65): Slim\Slim->run()
#20 {main}
FATAL|Wed, 03 Jul 2013 01:06:59 +1200|core|contentservice|/|203.86.201.118|draft|Invalid argument supplied for foreach() on line 244.
exception 'ErrorException' with message 'Invalid argument supplied for foreach()' in /var/www/Dropbox/Websites/openleaf-draft/htdocs/_app/core/contentservice.php:244
Stack trace:
#0 /var/www/Dropbox/Websites/openleaf-draft/htdocs/_app/core/contentservice.php(244): Slim\Slim::handleErrors(2, 'Invalid argumen...', '/var/www/Dropbo...', 244, Array)
#1 /var/www/Dropbox/Websites/openleaf-draft/htdocs/_app/core/tags/entries/pi.entries.php(33): ContentService::getContentByFolders('blog')
#2 /var/www/Dropbox/Websites/openleaf-draft/htdocs/_app/core/view.php(210): Plugin_entries->listing()
#3 [internal function]: Statamic_View->callback('entries:listing', Array, '? <div class="b...')
#4 /var/www/Dropbox/Websites/openleaf-draft/htdocs/_app/vendor/Lex/Parser.php(320): call_user_func_array(Array, Array)
#5 /var/www/Dropbox/Websites/openleaf-draft/htdocs/_app/vendor/Lex/Parser.php(82): Lex\Parser->parseCallbackTags('{{ entries:list...', Array, Array)
#6 /var/www/Dropbox/Websites/openleaf-draft/htdocs/_app/core/view.php(80): Lex\Parser->parse('{{ entries:list...', Array, Array, false)
#7 /var/www/Dropbox/Websites/openleaf-draft/htdocs/_app/vendor/Slim/View.php(195): Statamic_View->render(NULL)
#8 /var/www/Dropbox/Websites/openleaf-draft/htdocs/_app/vendor/Slim/View.php(182): Slim\View->fetch(NULL)
#9 /var/www/Dropbox/Websites/openleaf-draft/htdocs/_app/vendor/Slim/Slim.php(672): Slim\View->display(NULL)
#10 /var/www/Dropbox/Websites/openleaf-draft/htdocs/_app/routes.php(256): Slim\Slim->render(NULL, Array, 200)
#11 [internal function]: {closure}()
#12 /var/www/Dropbox/Websites/openleaf-draft/htdocs/_app/vendor/Slim/Router.php(172): call_user_func_array(Object(Closure), Array)
#13 /var/www/Dropbox/Websites/openleaf-draft/htdocs/_app/vendor/Slim/Slim.php(1222): Slim\Router->dispatch(Object(Slim\Route))
#14 /var/www/Dropbox/Websites/openleaf-draft/htdocs/_app/vendor/Slim/Middleware/Flash.php(86): Slim\Slim->call()
#15 /var/www/Dropbox/Websites/openleaf-draft/htdocs/_app/vendor/Slim/Middleware/MethodOverride.php(94): Slim\Middleware\Flash->call()
#16 /var/www/Dropbox/Websites/openleaf-draft/htdocs/_app/vendor/Slim/Middleware/SessionCookie.php(116): Slim\Middleware\MethodOverride->call()
#17 /var/www/Dropbox/Websites/openleaf-draft/htdocs/_app/vendor/Slim/Middleware/PrettyExceptions.php(67): Slim\Middleware\SessionCookie->call()
#18 /var/www/Dropbox/Websites/openleaf-draft/htdocs/_app/vendor/Slim/Slim.php(1174): Slim\Middleware\PrettyExceptions->call()
#19 /var/www/Dropbox/Websites/openleaf-draft/htdocs/index.php(65): Slim\Slim->run()
#20 {main}
FATAL|Wed, 03 Jul 2013 01:07:09 +1200|core|contentservice|/|203.86.201.118|draft|Invalid argument supplied for foreach() on line 244.
exception 'ErrorException' with message 'Invalid argument supplied for foreach()' in /var/www/Dropbox/Websites/openleaf-draft/htdocs/_app/core/contentservice.php:244
Stack trace:
#0 /var/www/Dropbox/Websites/openleaf-draft/htdocs/_app/core/contentservice.php(244): Slim\Slim::handleErrors(2, 'Invalid argumen...', '/var/www/Dropbo...', 244, Array)
#1 /var/www/Dropbox/Websites/openleaf-draft/htdocs/_app/core/tags/entries/pi.entries.php(33): ContentService::getContentByFolders('blog')
#2 /var/www/Dropbox/Websites/openleaf-draft/htdocs/_app/core/view.php(210): Plugin_entries->listing()
#3 [internal function]: Statamic_View->callback('entries:listing', Array, '? <div class="b...')
#4 /var/www/Dropbox/Websites/openleaf-draft/htdocs/_app/vendor/Lex/Parser.php(320): call_user_func_array(Array, Array)
#5 /var/www/Dropbox/Websites/openleaf-draft/htdocs/_app/vendor/Lex/Parser.php(82): Lex\Parser->parseCallbackTags('{{ entries:list...', Array, Array)
#6 /var/www/Dropbox/Websites/openleaf-draft/htdocs/_app/core/view.php(80): Lex\Parser->parse('{{ entries:list...', Array, Array, false)
#7 /var/www/Dropbox/Websites/openleaf-draft/htdocs/_app/vendor/Slim/View.php(195): Statamic_View->render(NULL)
#8 /var/www/Dropbox/Websites/openleaf-draft/htdocs/_app/vendor/Slim/View.php(182): Slim\View->fetch(NULL)
#9 /var/www/Dropbox/Websites/openleaf-draft/htdocs/_app/vendor/Slim/Slim.php(672): Slim\View->display(NULL)
#10 /var/www/Dropbox/Websites/openleaf-draft/htdocs/_app/routes.php(256): Slim\Slim->render(NULL, Array, 200)
#11 [internal function]: {closure}()
#12 /var/www/Dropbox/Websites/openleaf-draft/htdocs/_app/vendor/Slim/Router.php(172): call_user_func_array(Object(Closure), Array)
#13 /var/www/Dropbox/Websites/openleaf-draft/htdocs/_app/vendor/Slim/Slim.php(1222): Slim\Router->dispatch(Object(Slim\Route))
#14 /var/www/Dropbox/Websites/openleaf-draft/htdocs/_app/vendor/Slim/Middleware/Flash.php(86): Slim\Slim->call()
#15 /var/www/Dropbox/Websites/openleaf-draft/htdocs/_app/vendor/Slim/Middleware/MethodOverride.php(94): Slim\Middleware\Flash->call()
#16 /var/www/Dropbox/Websites/openleaf-draft/htdocs/_app/vendor/Slim/Middleware/SessionCookie.php(116): Slim\Middleware\MethodOverride->call()
#17 /var/www/Dropbox/Websites/openleaf-draft/htdocs/_app/vendor/Slim/Middleware/PrettyExceptions.php(67): Slim\Middleware\SessionCookie->call()
#18 /var/www/Dropbox/Websites/openleaf-draft/htdocs/_app/vendor/Slim/Slim.php(1174): Slim\Middleware\PrettyExceptions->call()
#19 /var/www/Dropbox/Websites/openleaf-draft/htdocs/index.php(65): Slim\Slim->run()
#20 {main}
FATAL|Wed, 03 Jul 2013 01:07:22 +1200|core|contentservice|/|203.86.201.118|draft|Invalid argument supplied for foreach() on line 244.
exception 'ErrorException' with message 'Invalid argument supplied for foreach()' in /var/www/Dropbox/Websites/openleaf-draft/htdocs/_app/core/contentservice.php:244
Stack trace:
#0 /var/www/Dropbox/Websites/openleaf-draft/htdocs/_app/core/contentservice.php(244): Slim\Slim::handleErrors(2, 'Invalid argumen...', '/var/www/Dropbo...', 244, Array)
#1 /var/www/Dropbox/Websites/openleaf-draft/htdocs/_app/core/tags/entries/pi.entries.php(33): ContentService::getContentByFolders('blog')
#2 /var/www/Dropbox/Websites/openleaf-draft/htdocs/_app/core/view.php(210): Plugin_entries->listing()
#3 [internal function]: Statamic_View->callback('entries:listing', Array, '? <div class="b...')
#4 /var/www/Dropbox/Websites/openleaf-draft/htdocs/_app/vendor/Lex/Parser.php(320): call_user_func_array(Array, Array)
#5 /var/www/Dropbox/Websites/openleaf-draft/htdocs/_app/vendor/Lex/Parser.php(82): Lex\Parser->parseCallbackTags('{{ entries:list...', Array, Array)
#6 /var/www/Dropbox/Websites/openleaf-draft/htdocs/_app/core/view.php(80): Lex\Parser->parse('{{ entries:list...', Array, Array, false)
#7 /var/www/Dropbox/Websites/openleaf-draft/htdocs/_app/vendor/Slim/View.php(195): Statamic_View->render(NULL)
#8 /var/www/Dropbox/Websites/openleaf-draft/htdocs/_app/vendor/Slim/View.php(182): Slim\View->fetch(NULL)
#9 /var/www/Dropbox/Websites/openleaf-draft/htdocs/_app/vendor/Slim/Slim.php(672): Slim\View->display(NULL)
#10 /var/www/Dropbox/Websites/openleaf-draft/htdocs/_app/routes.php(256): Slim\Slim->render(NULL, Array, 200)
#11 [internal function]: {closure}()
#12 /var/www/Dropbox/Websites/openleaf-draft/htdocs/_app/vendor/Slim/Router.php(172): call_user_func_array(Object(Closure), Array)
#13 /var/www/Dropbox/Websites/openleaf-draft/htdocs/_app/vendor/Slim/Slim.php(1222): Slim\Router->dispatch(Object(Slim\Route))
#14 /var/www/Dropbox/Websites/openleaf-draft/htdocs/_app/vendor/Slim/Middleware/Flash.php(86): Slim\Slim->call()
#15 /var/www/Dropbox/Websites/openleaf-draft/htdocs/_app/vendor/Slim/Middleware/MethodOverride.php(94): Slim\Middleware\Flash->call()
#16 /var/www/Dropbox/Websites/openleaf-draft/htdocs/_app/vendor/Slim/Middleware/SessionCookie.php(116): Slim\Middleware\MethodOverride->call()
#17 /var/www/Dropbox/Websites/openleaf-draft/htdocs/_app/vendor/Slim/Middleware/PrettyExceptions.php(67): Slim\Middleware\SessionCookie->call()
#18 /var/www/Dropbox/Websites/openleaf-draft/htdocs/_app/vendor/Slim/Slim.php(1174): Slim\Middleware\PrettyExceptions->call()
#19 /var/www/Dropbox/Websites/openleaf-draft/htdocs/index.php(65): Slim\Slim->run()
#20 {main}
FATAL|Wed, 03 Jul 2013 01:08:10 +1200|core|contentservice|/|203.86.201.118|draft|Invalid argument supplied for foreach() on line 244.
exception 'ErrorException' with message 'Invalid argument supplied for foreach()' in /var/www/Dropbox/Websites/openleaf-draft/htdocs/_app/core/contentservice.php:244
Stack trace:
#0 /var/www/Dropbox/Websites/openleaf-draft/htdocs/_app/core/contentservice.php(244): Slim\Slim::handleErrors(2, 'Invalid argumen...', '/var/www/Dropbo...', 244, Array)
#1 /var/www/Dropbox/Websites/openleaf-draft/htdocs/_app/core/tags/entries/pi.entries.php(33): ContentService::getContentByFolders('blog')
#2 /var/www/Dropbox/Websites/openleaf-draft/htdocs/_app/core/view.php(210): Plugin_entries->listing()
#3 [internal function]: Statamic_View->callback('entries:listing', Array, '? <div class="b...')
#4 /var/www/Dropbox/Websites/openleaf-draft/htdocs/_app/vendor/Lex/Parser.php(320): call_user_func_array(Array, Array)
#5 /var/www/Dropbox/Websites/openleaf-draft/htdocs/_app/vendor/Lex/Parser.php(82): Lex\Parser->parseCallbackTags('{{ entries:list...', Array, Array)
#6 /var/www/Dropbox/Websites/openleaf-draft/htdocs/_app/core/view.php(80): Lex\Parser->parse('{{ entries:list...', Array, Array, false)
#7 /var/www/Dropbox/Websites/openleaf-draft/htdocs/_app/vendor/Slim/View.php(195): Statamic_View->render(NULL)
#8 /var/www/Dropbox/Websites/openleaf-draft/htdocs/_app/vendor/Slim/View.php(182): Slim\View->fetch(NULL)
#9 /var/www/Dropbox/Websites/openleaf-draft/htdocs/_app/vendor/Slim/Slim.php(672): Slim\View->display(NULL)
#10 /var/www/Dropbox/Websites/openleaf-draft/htdocs/_app/routes.php(256): Slim\Slim->render(NULL, Array, 200)
#11 [internal function]: {closure}()
#12 /var/www/Dropbox/Websites/openleaf-draft/htdocs/_app/vendor/Slim/Router.php(172): call_user_func_array(Object(Closure), Array)
#13 /var/www/Dropbox/Websites/openleaf-draft/htdocs/_app/vendor/Slim/Slim.php(1222): Slim\Router->dispatch(Object(Slim\Route))
#14 /var/www/Dropbox/Websites/openleaf-draft/htdocs/_app/vendor/Slim/Middleware/Flash.php(86): Slim\Slim->call()
#15 /var/www/Dropbox/Websites/openleaf-draft/htdocs/_app/vendor/Slim/Middleware/MethodOverride.php(94): Slim\Middleware\Flash->call()
#16 /var/www/Dropbox/Websites/openleaf-draft/htdocs/_app/vendor/Slim/Middleware/SessionCookie.php(116): Slim\Middleware\MethodOverride->call()
#17 /var/www/Dropbox/Websites/openleaf-draft/htdocs/_app/vendor/Slim/Middleware/PrettyExceptions.php(67): Slim\Middleware\SessionCookie->call()
#18 /var/www/Dropbox/Websites/openleaf-draft/htdocs/_app/vendor/Slim/Slim.php(1174): Slim\Middleware\PrettyExceptions->call()
#19 /var/www/Dropbox/Websites/openleaf-draft/htdocs/index.php(65): Slim\Slim->run()
#20 {main}
FATAL|Wed, 03 Jul 2013 01:08:12 +1200|core|contentservice|/|203.86.201.118|draft|Invalid argument supplied for foreach() on line 244.
exception 'ErrorException' with message 'Invalid argument supplied for foreach()' in /var/www/Dropbox/Websites/openleaf-draft/htdocs/_app/core/contentservice.php:244
Stack trace:
#0 /var/www/Dropbox/Websites/openleaf-draft/htdocs/_app/core/contentservice.php(244): Slim\Slim::handleErrors(2, 'Invalid argumen...', '/var/www/Dropbo...', 244, Array)
#1 /var/www/Dropbox/Websites/openleaf-draft/htdocs/_app/core/tags/entries/pi.entries.php(33): ContentService::getContentByFolders('blog')
#2 /var/www/Dropbox/Websites/openleaf-draft/htdocs/_app/core/view.php(210): Plugin_entries->listing()
#3 [internal function]: Statamic_View->callback('entries:listing', Array, '? <div class="b...')
#4 /var/www/Dropbox/Websites/openleaf-draft/htdocs/_app/vendor/Lex/Parser.php(320): call_user_func_array(Array, Array)
#5 /var/www/Dropbox/Websites/openleaf-draft/htdocs/_app/vendor/Lex/Parser.php(82): Lex\Parser->parseCallbackTags('{{ entries:list...', Array, Array)
#6 /var/www/Dropbox/Websites/openleaf-draft/htdocs/_app/core/view.php(80): Lex\Parser->parse('{{ entries:list...', Array, Array, false)
#7 /var/www/Dropbox/Websites/openleaf-draft/htdocs/_app/vendor/Slim/View.php(195): Statamic_View->render(NULL)
#8 /var/www/Dropbox/Websites/openleaf-draft/htdocs/_app/vendor/Slim/View.php(182): Slim\View->fetch(NULL)
#9 /var/www/Dropbox/Websites/openleaf-draft/htdocs/_app/vendor/Slim/Slim.php(672): Slim\View->display(NULL)
#10 /var/www/Dropbox/Websites/openleaf-draft/htdocs/_app/routes.php(256): Slim\Slim->render(NULL, Array, 200)
#11 [internal function]: {closure}()
#12 /var/www/Dropbox/Websites/openleaf-draft/htdocs/_app/vendor/Slim/Router.php(172): call_user_func_array(Object(Closure), Array)
#13 /var/www/Dropbox/Websites/openleaf-draft/htdocs/_app/vendor/Slim/Slim.php(1222): Slim\Router->dispatch(Object(Slim\Route))
#14 /var/www/Dropbox/Websites/openleaf-draft/htdocs/_app/vendor/Slim/Middleware/Flash.php(86): Slim\Slim->call()
#15 /var/www/Dropbox/Websites/openleaf-draft/htdocs/_app/vendor/Slim/Middleware/MethodOverride.php(94): Slim\Middleware\Flash->call()
#16 /var/www/Dropbox/Websites/openleaf-draft/htdocs/_app/vendor/Slim/Middleware/SessionCookie.php(116): Slim\Middleware\MethodOverride->call()
#17 /var/www/Dropbox/Websites/openleaf-draft/htdocs/_app/vendor/Slim/Middleware/PrettyExceptions.php(67): Slim\Middleware\SessionCookie->call()
#18 /var/www/Dropbox/Websites/openleaf-draft/htdocs/_app/vendor/Slim/Slim.php(1174): Slim\Middleware\PrettyExceptions->call()
#19 /var/www/Dropbox/Websites/openleaf-draft/htdocs/index.php(65): Slim\Slim->run()
#20 {main}
FATAL|Wed, 03 Jul 2013 01:08:13 +1200|core|contentservice|/|203.86.201.118|draft|Invalid argument supplied for foreach() on line 244.
exception 'ErrorException' with message 'Invalid argument supplied for foreach()' in /var/www/Dropbox/Websites/openleaf-draft/htdocs/_app/core/contentservice.php:244
Stack trace:
#0 /var/www/Dropbox/Websites/openleaf-draft/htdocs/_app/core/contentservice.php(244): Slim\Slim::handleErrors(2, 'Invalid argumen...', '/var/www/Dropbo...', 244, Array)
#1 /var/www/Dropbox/Websites/openleaf-draft/htdocs/_app/core/tags/entries/pi.entries.php(33): ContentService::getContentByFolders('blog')
#2 /var/www/Dropbox/Websites/openleaf-draft/htdocs/_app/core/view.php(210): Plugin_entries->listing()
#3 [internal function]: Statamic_View->callback('entries:listing', Array, '? <div class="b...')
#4 /var/www/Dropbox/Websites/openleaf-draft/htdocs/_app/vendor/Lex/Parser.php(320): call_user_func_array(Array, Array)
#5 /var/www/Dropbox/Websites/openleaf-draft/htdocs/_app/vendor/Lex/Parser.php(82): Lex\Parser->parseCallbackTags('{{ entries:list...', Array, Array)
#6 /var/www/Dropbox/Websites/openleaf-draft/htdocs/_app/core/view.php(80): Lex\Parser->parse('{{ entries:list...', Array, Array, false)
#7 /var/www/Dropbox/Websites/openleaf-draft/htdocs/_app/vendor/Slim/View.php(195): Statamic_View->render(NULL)
#8 /var/www/Dropbox/Websites/openleaf-draft/htdocs/_app/vendor/Slim/View.php(182): Slim\View->fetch(NULL)
#9 /var/www/Dropbox/Websites/openleaf-draft/htdocs/_app/vendor/Slim/Slim.php(672): Slim\View->display(NULL)
#10 /var/www/Dropbox/Websites/openleaf-draft/htdocs/_app/routes.php(256): Slim\Slim->render(NULL, Array, 200)
#11 [internal function]: {closure}()
#12 /var/www/Dropbox/Websites/openleaf-draft/htdocs/_app/vendor/Slim/Router.php(172): call_user_func_array(Object(Closure), Array)
#13 /var/www/Dropbox/Websites/openleaf-draft/htdocs/_app/vendor/Slim/Slim.php(1222): Slim\Router->dispatch(Object(Slim\Route))
#14 /var/www/Dropbox/Websites/openleaf-draft/htdocs/_app/vendor/Slim/Middleware/Flash.php(86): Slim\Slim->call()
#15 /var/www/Dropbox/Websites/openleaf-draft/htdocs/_app/vendor/Slim/Middleware/MethodOverride.php(94): Slim\Middleware\Flash->call()
#16 /var/www/Dropbox/Websites/openleaf-draft/htdocs/_app/vendor/Slim/Middleware/SessionCookie.php(116): Slim\Middleware\MethodOverride->call()
#17 /var/www/Dropbox/Websites/openleaf-draft/htdocs/_app/vendor/Slim/Middleware/PrettyExceptions.php(67): Slim\Middleware\SessionCookie->call()
#18 /var/www/Dropbox/Websites/openleaf-draft/htdocs/_app/vendor/Slim/Slim.php(1174): Slim\Middleware\PrettyExceptions->call()
#19 /var/www/Dropbox/Websites/openleaf-draft/htdocs/index.php(65): Slim\Slim->run()
#20 {main}
ERROR|Wed, 03 Jul 2013 01:16:46 +1200|visitor|content|/content|203.86.201.118|draft|404 - Page not found. Visitor came directly to this page and may have typed the URL incorrectly.
ERROR|Wed, 03 Jul 2013 01:17:10 +1200|visitor|content|/content/page.md|203.86.201.118|draft|404 - Page not found. Visitor came directly to this page and may have typed the URL incorrectly.
ERROR|Wed, 03 Jul 2013 01:17:25 +1200|visitor|content|/content/page.md|203.86.201.118|draft|404 - Page not found. Visitor came directly to this page and may have typed the URL incorrectly.
